\BOOKMARK [1][-]{section.1}{\376\377\000I\000n\000t\000r\000o\000d\000u\000c\000t\000i\000o\000n}{}% 1
\BOOKMARK [2][-]{subsection.1.1}{\376\377\000T\000h\000e\000\040\000q\000u\000e\000s\000t\000i\000o\000n}{section.1}% 2
\BOOKMARK [2][-]{subsection.1.2}{\376\377\000M\000e\000t\000h\000o\000d}{section.1}% 3
\BOOKMARK [2][-]{subsection.1.3}{\376\377\000W\000h\000a\000t\000\040\000w\000e\000\040\000d\000o\000\040\000a\000n\000d\000\040\000d\000o\000\040\000n\000o\000t\000\040\000c\000l\000a\000i\000m}{section.1}% 4
\BOOKMARK [2][-]{subsection.1.4}{\376\377\000O\000r\000g\000a\000n\000i\000s\000a\000t\000i\000o\000n}{section.1}% 5
\BOOKMARK [1][-]{section.2}{\376\377\000T\000h\000e\000\040\000a\000g\000e\000n\000t\000\040\000a\000s\000\040\000a\000\040\000s\000e\000l\000f\000-\000g\000r\000a\000p\000h}{}% 6
\BOOKMARK [1][-]{section.3}{\376\377\000T\000h\000e\000\040\000f\000l\000o\000o\000r\000:\000\040\000n\000o\000\040\000i\000n\000t\000e\000r\000n\000a\000l\000\040\000d\000i\000s\000t\000i\000n\000c\000t\000i\000o\000n\000\040\000i\000s\000\040\000f\000r\000e\000e}{}% 7
\BOOKMARK [1][-]{section.4}{\376\377\000I\000d\000e\000n\000t\000i\000t\000y\000:\000\040\000t\000h\000e\000\040\000c\000o\000n\000s\000e\000r\000v\000e\000d\000\040\000i\000n\000v\000a\000r\000i\000a\000n\000t}{}% 8
\BOOKMARK [2][-]{subsection.4.1}{\376\377\000R\000e\000-\000d\000e\000s\000c\000r\000i\000p\000t\000i\000o\000n\000\040\000i\000s\000\040\000r\000e\000l\000a\000b\000e\000l\000l\000i\000n\000g}{section.4}% 9
\BOOKMARK [2][-]{subsection.4.2}{\376\377\000T\000h\000e\000\040\000c\000h\000a\000r\000a\000c\000t\000e\000r\000\040\000i\000n\000v\000a\000r\000i\000a\000n\000t}{section.4}% 10
\BOOKMARK [2][-]{subsection.4.3}{\376\377\000I\000d\000e\000n\000t\000i\000t\000y\000\040\000a\000n\000d\000\040\000c\000h\000a\000r\000a\000c\000t\000e\000r\000:\000\040\000t\000w\000o\000\040\000f\000a\000c\000e\000s\000\040\000o\000f\000\040\000o\000n\000e\000\040\000c\000u\000t}{section.4}% 11
\BOOKMARK [1][-]{section.5}{\376\377\000B\000e\000h\000a\000v\000i\000o\000u\000r\000:\000\040\000a\000\040\000g\000a\000t\000e\000d\000\040\000w\000a\000l\000k\000,\000\040\000a\000n\000d\000\040\000t\000h\000e\000\040\000n\000e\000e\000d\000\040\000f\000o\000r\000\040\000a\000\040\000d\000r\000i\000v\000e}{}% 12
\BOOKMARK [1][-]{section.6}{\376\377\000P\000u\000r\000p\000o\000s\000e\000:\000\040\000t\000h\000e\000\040\000f\000i\000x\000e\000d\000\040\000p\000o\000i\000n\000t\000\040\000o\000f\000\040\000t\000h\000e\000\040\000d\000r\000i\000v\000e}{}% 13
\BOOKMARK [2][-]{subsection.6.1}{\376\377\000B\000e\000h\000a\000v\000i\000o\000u\000r\000\040\000a\000s\000\040\000d\000e\000s\000c\000e\000n\000t\000\040\000o\000n\000\040\000a\000\040\000p\000o\000t\000e\000n\000t\000i\000a\000l}{section.6}% 14
\BOOKMARK [2][-]{subsection.6.2}{\376\377\000P\000u\000r\000p\000o\000s\000e\000\040\000d\000e\000f\000i\000n\000e\000d\000;\000\040\000e\000x\000i\000s\000t\000e\000n\000c\000e\000\040\000a\000n\000d\000\040\000u\000n\000i\000q\000u\000e\000n\000e\000s\000s}{section.6}% 15
\BOOKMARK [2][-]{subsection.6.3}{\376\377\000P\000u\000r\000p\000o\000s\000e\000\040\000a\000t\000t\000r\000a\000c\000t\000s}{section.6}% 16
\BOOKMARK [1][-]{section.7}{\376\377\000A\000g\000e\000n\000t\000s\000\040\000i\000n\000\040\000s\000o\000c\000i\000e\000t\000y}{}% 17
\BOOKMARK [2][-]{subsection.7.1}{\376\377\000S\000o\000c\000i\000e\000t\000y\000\040\000a\000s\000\040\000a\000\040\000q\000u\000o\000t\000i\000e\000n\000t}{section.7}% 18
\BOOKMARK [2][-]{subsection.7.2}{\376\377\000O\000n\000e\000\040\000g\000r\000o\000u\000p\000,\000\040\000o\000n\000e\000\040\000d\000r\000i\000v\000e}{section.7}% 19
\BOOKMARK [2][-]{subsection.7.3}{\376\377\000S\000o\000c\000i\000e\000t\000y\000\040\000p\000u\000r\000p\000o\000s\000e\000\040\000i\000s\000\040\000a\000n\000\040\000a\000t\000t\000r\000a\000c\000t\000o\000r}{section.7}% 20
\BOOKMARK [2][-]{subsection.7.4}{\376\377\000C\000o\000o\000r\000d\000i\000n\000a\000t\000i\000o\000n\000\040\000w\000i\000t\000h\000o\000u\000t\000\040\000s\000h\000a\000r\000e\000d\000\040\000i\000d\000e\000n\000t\000i\000t\000y}{section.7}% 21
\BOOKMARK [2][-]{subsection.7.5}{\376\377\000C\000r\000o\000w\000d\000s\000\040\000s\000h\000a\000r\000p\000e\000n\000\040\000p\000u\000r\000p\000o\000s\000e}{section.7}% 22
\BOOKMARK [1][-]{section.8}{\376\377\000I\000d\000e\000n\000t\000i\000t\000y\000\040\000i\000s\000\040\000u\000n\000r\000e\000a\000c\000h\000a\000b\000l\000e\000\040\000f\000r\000o\000m\000\040\000o\000u\000t\000s\000i\000d\000e\000;\000\040\000c\000o\000p\000i\000e\000s\000\040\000a\000r\000e\000\040\000d\000i\000s\000t\000i\000n\000c\000t}{}% 23
\BOOKMARK [1][-]{section.9}{\376\377\000N\000u\000m\000e\000r\000i\000c\000a\000l\000\040\000s\000t\000u\000d\000y}{}% 24
\BOOKMARK [2][-]{subsection.9.1}{\376\377\000M\000e\000t\000h\000o\000d}{section.9}% 25
\BOOKMARK [2][-]{subsection.9.2}{\376\377\000P\000r\000e\000d\000i\000c\000t\000i\000o\000n\000s\000\040\000c\000h\000e\000c\000k\000e\000d}{section.9}% 26
\BOOKMARK [2][-]{subsection.9.3}{\376\377\000R\000e\000s\000u\000l\000t\000s}{section.9}% 27
\BOOKMARK [1][-]{section.10}{\376\377\000D\000i\000s\000c\000u\000s\000s\000i\000o\000n}{}% 28
\BOOKMARK [2][-]{subsection.10.1}{\376\377\000W\000h\000a\000t\000\040\000h\000a\000s\000\040\000a\000n\000d\000\040\000h\000a\000s\000\040\000n\000o\000t\000\040\000b\000e\000e\000n\000\040\000e\000s\000t\000a\000b\000l\000i\000s\000h\000e\000d}{section.10}% 29
\BOOKMARK [2][-]{subsection.10.2}{\376\377\000O\000p\000e\000n\000\040\000d\000i\000r\000e\000c\000t\000i\000o\000n\000s}{section.10}% 30
\BOOKMARK [2][-]{subsection.10.3}{\376\377\000C\000l\000o\000s\000i\000n\000g}{section.10}% 31
